<?xml version="1.0" encoding="UTF-8"?>
<!-- Generated by org.testng.reporters.JUnitXMLReporter -->
<testsuite ignored="0" hostname="DESKTOP-LDOA5LM" failures="0" tests="8" name="Default test" time="166.809" errors="0" timestamp="2023-09-04T15:23:38 IST">
  <testcase classname="testCase.TestCase" name="check" time="0.015"/>
  <testcase classname="testCase.TestCase" name="verifyLoginWithValidCredentials" time="5.401"/>
  <testcase classname="testCase.TestCase" name="verifyselectDropDown" time="7.199"/>
  <testcase classname="testCase.TestCase" name="verifySearchBar" time="4.383"/>
  <testcase classname="testCase.TestCase" name="verifyMouseHover" time="0.183"/>
  <testcase classname="testCase.TestCase" name="verifyScrollDown" time="0.088"/>
  <testcase classname="testCase.TestCase" name="verifyScrollUp" time="1.103"/>
  <testcase classname="testCase.TestCase" name="verifyCookiesHandle" time="0.018"/>
</testsuite> <!-- Default test -->
